
> design-system-zeroz@0.2.51 build-storybook
> storybook build --output-dir C:\Users\metzx\AppData\Local\Temp\chromatic--13856-hCjnbDRu8GNF

storybook v8.2.8

info => Cleaning outputDir: ..\..\..\AppData\Local\Temp\chromatic--13856-hCjnbDRu8GNF
info => Loading presets
WARN The "@storybook/addon-mdx-gfm" addon is meant as a migration assistant for Storybook 8.0; and will likely be removed in a future version.
WARN It's recommended you read this document:
WARN https://storybook.js.org/docs/writing-docs/mdx#markdown-tables-arent-rendering-correctly
WARN 
WARN Once you've made the necessary changes, you can remove the addon from your package.json and storybook config.
info => Building manager..
info => Manager built (253 ms)
info => Building preview..
info => Using implicit CSS loaders
info => Using SWC as compiler
info => Copying static files: public at ..\..\..\AppData\Local\Temp\chromatic--13856-hCjnbDRu8GNF
info => Using default Webpack5 setup
WARN asset size limit: The following asset(s) exceed the recommended size limit (244 KiB).
WARN This can impact web performance.
WARN Assets: 
WARN   8609.3a2140f2.iframe.bundle.js (559 KiB)
WARN   2338.9bfb3960.iframe.bundle.js (408 KiB)
WARN   3445.89e72b46.iframe.bundle.js (1.24 MiB)
WARN entrypoint size limit: The following entrypoint(s) combined asset size exceeds the recommended limit (244 KiB). This can impact web performance.
WARN Entrypoints:
WARN   main (1.26 MiB)
WARN       runtime~main.534b8eb1.iframe.bundle.js
WARN       3445.89e72b46.iframe.bundle.js
WARN       main.bfb4ca37.iframe.bundle.js
WARN 
info => Preview built (16 s)
info => Output directory: C:\Users\metzx\AppData\Local\Temp\chromatic--13856-hCjnbDRu8GNF
